07-02-2022 23:15:02.885 [Gauge] [DEBUG] Created gauge_screenshots_dir at /Users/numanhan/OtriumUI/.gauge/screenshots
07-02-2022 23:15:02.886 [Gauge] [DEBUG] Plugin java is already installed.
07-02-2022 23:15:02.886 [Gauge] [DEBUG] Plugin html-report is already installed.
07-02-2022 23:15:02.886 [Gauge] [DEBUG] Parsing started.
07-02-2022 23:15:02.887 [Gauge] [DEBUG] Started concepts parsing.
07-02-2022 23:15:02.887 [Gauge] [ERROR] Concept parse failure: /Users/numanhan/OtriumUI/specs/LoginScenarios/FailedLogin.cpt /Users/numanhan/OtriumUI/specs/LoginScenarios/SuccessfullLogin.cpt:1 Duplicate concept definition found => 'User Clicks On Login Button And Checks The Login Page Opened Successfully'
07-02-2022 23:15:02.887 [Gauge] [ERROR] Concept parse failure: /Users/numanhan/OtriumUI/specs/LoginScenarios/FailedLogin.cpt /Users/numanhan/OtriumUI/specs/LoginScenarios/FailedLogin.cpt:1 Duplicate concept definition found => 'User Clicks On Login Button And Checks The Login Page Opened Successfully'
07-02-2022 23:15:02.887 [Gauge] [ERROR] [ParseError] /Users/numanhan/OtriumUI/specs/LoginScenarios/SuccessfullLogin.cpt:1 Duplicate concept definition found => 'User Clicks On Login Button And Checks The Login Page Opened Successfully'
07-02-2022 23:15:02.887 [Gauge] [ERROR] [ParseError] /Users/numanhan/OtriumUI/specs/LoginScenarios/FailedLogin.cpt:1 Duplicate concept definition found => 'User Clicks On Login Button And Checks The Login Page Opened Successfully'
07-02-2022 23:15:02.887 [Gauge] [DEBUG] 3 concepts parsing completed.
07-02-2022 23:15:02.887 [Gauge] [DEBUG] Started specifications parsing.
07-02-2022 23:15:02.888 [Gauge] [DEBUG] 1 specifications parsing completed.
07-02-2022 23:15:02.888 [Gauge] [DEBUG] Parsing completed.
07-02-2022 23:15:02.985 [java] [DEBUG] ***** Printing Properties/Env Values *****
07-02-2022 23:15:02.985 [java] [DEBUG] PATH: ”/Users/numanhan/Library/Java/JavaVirtualMachines/corretto-16.0.2/Contents/Home/bin:/Users/numanhan/Library/Android/sdk/tools:/Users/numanhan/Library/Android/sdk/platform-tools:/opt/homebrew/bin:/opt/homebrew/sbin:/usr/local/bin:/usr/bin:/bin:/usr/sbin:/sbin:/usr/local/MacGPG2/bin”:/Users/numanhan/.gauge/plugins/screenshot/0.1.0
07-02-2022 23:15:02.985 [java] [DEBUG] JAVA_HOME: /Users/numanhan/Library/Java/JavaVirtualMachines/corretto-16.0.2/Contents/Home
07-02-2022 23:15:02.985 [java] [DEBUG] gauge_project_root: 
07-02-2022 23:15:02.985 [java] [DEBUG] gauge_parallel_streams_count: 
07-02-2022 23:15:02.985 [java] [DEBUG] gauge_reports_dir: reports
07-02-2022 23:15:02.985 [java] [DEBUG] overwrite_reports: true
07-02-2022 23:15:02.985 [java] [DEBUG] logs_directory: logs
07-02-2022 23:15:02.985 [java] [DEBUG] enable_multithreading: 
07-02-2022 23:15:02.985 [java] [DEBUG] gauge_specs_dir: specs
07-02-2022 23:15:02.985 [java] [DEBUG] csv_delimiter: ,
07-02-2022 23:15:02.985 [java] [DEBUG] gauge_java_home: 
07-02-2022 23:15:02.985 [java] [DEBUG] gauge_custom_build_path: 
07-02-2022 23:15:02.985 [java] [DEBUG] gauge_additional_libs: libs/*
07-02-2022 23:15:02.985 [java] [DEBUG] gauge_jvm_args: 
07-02-2022 23:15:02.985 [java] [DEBUG] gauge_custom_compile_dir: 
07-02-2022 23:15:02.985 [java] [DEBUG] gauge_clear_state_level: scenario
07-02-2022 23:15:02.985 [java] [DEBUG] ***** END *****
07-02-2022 23:15:03.331 [Gauge] [DEBUG] Checking updates...
07-02-2022 23:15:03.332 [Gauge] [DEBUG] Downloading https://downloads.gauge.org/plugin/html-report?l=java&p=html-report,java,json-report,screenshot,spectacle,xml-report&o=darwin&a=arm64
07-02-2022 23:15:03.894 [Gauge] [DEBUG] Downloading https://downloads.gauge.org/plugin/java?l=java&p=html-report,java,json-report,screenshot,spectacle,xml-report&o=darwin&a=arm64
07-02-2022 23:15:03.961 [Gauge] [DEBUG] Downloading https://downloads.gauge.org/plugin/json-report?l=java&p=html-report,java,json-report,screenshot,spectacle,xml-report&o=darwin&a=arm64
07-02-2022 23:15:04.051 [Gauge] [DEBUG] Downloading https://downloads.gauge.org/plugin/screenshot?l=java&p=html-report,java,json-report,screenshot,spectacle,xml-report&o=darwin&a=arm64
07-02-2022 23:15:04.137 [Gauge] [DEBUG] Downloading https://downloads.gauge.org/plugin/spectacle?l=java&p=html-report,java,json-report,screenshot,spectacle,xml-report&o=darwin&a=arm64
07-02-2022 23:15:04.271 [Gauge] [DEBUG] Downloading https://downloads.gauge.org/plugin/xml-report?l=java&p=html-report,java,json-report,screenshot,spectacle,xml-report&o=darwin&a=arm64
07-02-2022 23:15:07.543 [java] [ERROR] Installed version of gauge-java (0.7.15) does not match with dependency gauge-java (0.6.0) specified in pom.xml file
07-02-2022 23:15:07.543 [java] [DEBUG] classpath set to /Library/Java/JavaVirtualMachines/jdk1.8.0_311.jdk/Contents/Home/jre/lib/charsets.jar:/Library/Java/JavaVirtualMachines/jdk1.8.0_311.jdk/Contents/Home/jre/lib/deploy.jar:/Library/Java/JavaVirtualMachines/jdk1.8.0_311.jdk/Contents/Home/jre/lib/ext/cldrdata.jar:/Library/Java/JavaVirtualMachines/jdk1.8.0_311.jdk/Contents/Home/jre/lib/ext/dnsns.jar:/Library/Java/JavaVirtualMachines/jdk1.8.0_311.jdk/Contents/Home/jre/lib/ext/jaccess.jar:/Library/Java/JavaVirtualMachines/jdk1.8.0_311.jdk/Contents/Home/jre/lib/ext/jfxrt.jar:/Library/Java/JavaVirtualMachines/jdk1.8.0_311.jdk/Contents/Home/jre/lib/ext/localedata.jar:/Library/Java/JavaVirtualMachines/jdk1.8.0_311.jdk/Contents/Home/jre/lib/ext/nashorn.jar:/Library/Java/JavaVirtualMachines/jdk1.8.0_311.jdk/Contents/Home/jre/lib/ext/sunec.jar:/Library/Java/JavaVirtualMachines/jdk1.8.0_311.jdk/Contents/Home/jre/lib/ext/sunjce_provider.jar:/Library/Java/JavaVirtualMachines/jdk1.8.0_311.jdk/Contents/Home/jre/lib/ext/sunpkcs11.jar:/Library/Java/JavaVirtualMachines/jdk1.8.0_311.jdk/Contents/Home/jre/lib/ext/zipfs.jar:/Library/Java/JavaVirtualMachines/jdk1.8.0_311.jdk/Contents/Home/jre/lib/javaws.jar:/Library/Java/JavaVirtualMachines/jdk1.8.0_311.jdk/Contents/Home/jre/lib/jce.jar:/Library/Java/JavaVirtualMachines/jdk1.8.0_311.jdk/Contents/Home/jre/lib/jfr.jar:/Library/Java/JavaVirtualMachines/jdk1.8.0_311.jdk/Contents/Home/jre/lib/jfxswt.jar:/Library/Java/JavaVirtualMachines/jdk1.8.0_311.jdk/Contents/Home/jre/lib/jsse.jar:/Library/Java/JavaVirtualMachines/jdk1.8.0_311.jdk/Contents/Home/jre/lib/management-agent.jar:/Library/Java/JavaVirtualMachines/jdk1.8.0_311.jdk/Contents/Home/jre/lib/plugin.jar:/Library/Java/JavaVirtualMachines/jdk1.8.0_311.jdk/Contents/Home/jre/lib/resources.jar:/Library/Java/JavaVirtualMachines/jdk1.8.0_311.jdk/Contents/Home/jre/lib/rt.jar:/Users/numanhan/OtriumUI/target/test-classes:/Users/numanhan/OtriumUI/target/classes:/Users/numanhan/.m2/repository/com/thoughtworks/gauge/gauge-java/0.6.0/gauge-java-0.6.0.jar:/Users/numanhan/.m2/repository/org/reflections/reflections/0.9.10/reflections-0.9.10.jar:/Users/numanhan/.m2/repository/org/javassist/javassist/3.19.0-GA/javassist-3.19.0-GA.jar:/Users/numanhan/.m2/repository/com/google/code/findbugs/annotations/2.0.1/annotations-2.0.1.jar:/Users/numanhan/.m2/repository/com/github/javaparser/javaparser-core/2.3.0/javaparser-core-2.3.0.jar:/Users/numanhan/.m2/repository/org/hamcrest/hamcrest-core/1.3/hamcrest-core-1.3.jar:/Users/numanhan/.m2/repository/org/hamcrest/hamcrest-library/1.3/hamcrest-library-1.3.jar:/Users/numanhan/.m2/repository/commons-io/commons-io/2.4/commons-io-2.4.jar:/Users/numanhan/.m2/repository/commons-lang/commons-lang/2.6/commons-lang-2.6.jar:/Users/numanhan/.m2/repository/com/google/protobuf/protobuf-java/3.1.0/protobuf-java-3.1.0.jar:/Users/numanhan/.m2/repository/junit/junit/4.12/junit-4.12.jar:/Users/numanhan/.m2/repository/org/seleniumhq/selenium/selenium-java/3.141.59/selenium-java-3.141.59.jar:/Users/numanhan/.m2/repository/org/seleniumhq/selenium/selenium-api/3.141.59/selenium-api-3.141.59.jar:/Users/numanhan/.m2/repository/org/seleniumhq/selenium/selenium-chrome-driver/3.141.59/selenium-chrome-driver-3.141.59.jar:/Users/numanhan/.m2/repository/org/seleniumhq/selenium/selenium-edge-driver/3.141.59/selenium-edge-driver-3.141.59.jar:/Users/numanhan/.m2/repository/org/seleniumhq/selenium/selenium-firefox-driver/3.141.59/selenium-firefox-driver-3.141.59.jar:/Users/numanhan/.m2/repository/org/seleniumhq/selenium/selenium-ie-driver/3.141.59/selenium-ie-driver-3.141.59.jar:/Users/numanhan/.m2/repository/org/seleniumhq/selenium/selenium-opera-driver/3.141.59/selenium-opera-driver-3.141.59.jar:/Users/numanhan/.m2/repository/org/seleniumhq/selenium/selenium-remote-driver/3.141.59/selenium-remote-driver-3.141.59.jar:/Users/numanhan/.m2/repository/org/seleniumhq/selenium/selenium-safari-driver/3.141.59/selenium-safari-driver-3.141.59.jar:/Users/numanhan/.m2/repository/org/seleniumhq/selenium/selenium-support/3.141.59/selenium-support-3.141.59.jar:/Users/numanhan/.m2/repository/net/bytebuddy/byte-buddy/1.8.15/byte-buddy-1.8.15.jar:/Users/numanhan/.m2/repository/org/apache/commons/commons-exec/1.3/commons-exec-1.3.jar:/Users/numanhan/.m2/repository/com/google/guava/guava/25.0-jre/guava-25.0-jre.jar:/Users/numanhan/.m2/repository/com/google/code/findbugs/jsr305/1.3.9/jsr305-1.3.9.jar:/Users/numanhan/.m2/repository/org/checkerframework/checker-compat-qual/2.0.0/checker-compat-qual-2.0.0.jar:/Users/numanhan/.m2/repository/com/google/errorprone/error_prone_annotations/2.1.3/error_prone_annotations-2.1.3.jar:/Users/numanhan/.m2/repository/com/google/j2objc/j2objc-annotations/1.1/j2objc-annotations-1.1.jar:/Users/numanhan/.m2/repository/org/codehaus/mojo/animal-sniffer-annotations/1.14/animal-sniffer-annotations-1.14.jar:/Users/numanhan/.m2/repository/com/squareup/okhttp3/okhttp/3.11.0/okhttp-3.11.0.jar:/Users/numanhan/.m2/repository/com/squareup/okio/okio/1.14.0/okio-1.14.0.jar:/Users/numanhan/.m2/repository/log4j/log4j/1.2.17/log4j-1.2.17.jar
07-02-2022 23:15:07.554 [java] [DEBUG] found java executable in /Users/numanhan/Library/Java/JavaVirtualMachines/corretto-16.0.2/Contents/Home/bin/java
07-02-2022 23:15:07.554 [java] [DEBUG] running - /Users/numanhan/Library/Java/JavaVirtualMachines/corretto-16.0.2/Contents/Home/bin/java [-Dfile.encoding=UTF-8 com.thoughtworks.gauge.GaugeRuntime --start]
07-02-2022 23:15:07.555 [java] [DEBUG] stdout/stderr is logged to logs/26097-java.out
07-02-2022 23:15:32.895 [Gauge] [CRITICAL] Failed to start gauge API: Timed out connecting to java
